package configuration for libffi is not found
have_header: checking for ffi.h... -------------------- no

"/usr/bin/cc -o conftest -I/opt/boxen/rbenv/versions/1.9.3-p374/include/ruby-1.9.1/x86_64-darwin12.2.1 -I/opt/boxen/rbenv/versions/1.9.3-p374/include/ruby-1.9.1/ruby/backward -I/opt/boxen/rbenv/versions/1.9.3-p374/include/ruby-1.9.1 -I. -I'/opt/boxen/rbenv/versions/1.9.3-p374/include'  -D_XOPEN_SOURCE -D_DARWIN_C_SOURCE  -I'/opt/boxen/rbenv/versions/1.9.3-p374/include'   -O3 -ggdb -Wall -Wextra -Wno-unused-parameter -Wno-parentheses -Wno-long-long -Wno-missing-field-initializers -Wpointer-arith -Wwrite-strings -Wdeclaration-after-statement -Wshorten-64-to-32 -Wimplicit-function-declaration  -pipe conftest.c  -L. -L/opt/boxen/rbenv/versions/1.9.3-p374/lib -L. -L'/opt/boxen/rbenv/versions/1.9.3-p374/lib'      -lruby-static  -lpthread -ldl -lobjc "
checked program was:
/* begin */
1: #include "ruby.h"
2: 
3: int main() {return 0;}
/* end */

"/usr/bin/cc -E -I/opt/boxen/rbenv/versions/1.9.3-p374/include/ruby-1.9.1/x86_64-darwin12.2.1 -I/opt/boxen/rbenv/versions/1.9.3-p374/include/ruby-1.9.1/ruby/backward -I/opt/boxen/rbenv/versions/1.9.3-p374/include/ruby-1.9.1 -I. -I'/opt/boxen/rbenv/versions/1.9.3-p374/include'  -D_XOPEN_SOURCE -D_DARWIN_C_SOURCE  -I'/opt/boxen/rbenv/versions/1.9.3-p374/include'   -O3 -ggdb -Wall -Wextra -Wno-unused-parameter -Wno-parentheses -Wno-long-long -Wno-missing-field-initializers -Wpointer-arith -Wwrite-strings -Wdeclaration-after-statement -Wshorten-64-to-32 -Wimplicit-function-declaration  -pipe  conftest.c -o conftest.i"
conftest.c:3:10: fatal error: 'ffi.h' file not found
#include <ffi.h>
         ^
1 error generated.
checked program was:
/* begin */
1: #include "ruby.h"
2: 
3: #include <ffi.h>
/* end */

--------------------

find_header: checking for ffi.h in /usr/local/include,/usr/include/ffi... -------------------- yes

"/usr/bin/cc -E -I/opt/boxen/rbenv/versions/1.9.3-p374/include/ruby-1.9.1/x86_64-darwin12.2.1 -I/opt/boxen/rbenv/versions/1.9.3-p374/include/ruby-1.9.1/ruby/backward -I/opt/boxen/rbenv/versions/1.9.3-p374/include/ruby-1.9.1 -I. -I'/opt/boxen/rbenv/versions/1.9.3-p374/include'  -D_XOPEN_SOURCE -D_DARWIN_C_SOURCE  -I'/opt/boxen/rbenv/versions/1.9.3-p374/include'   -O3 -ggdb -Wall -Wextra -Wno-unused-parameter -Wno-parentheses -Wno-long-long -Wno-missing-field-initializers -Wpointer-arith -Wwrite-strings -Wdeclaration-after-statement -Wshorten-64-to-32 -Wimplicit-function-declaration  -pipe  conftest.c -o conftest.i"
conftest.c:3:10: fatal error: 'ffi.h' file not found
#include <ffi.h>
         ^
1 error generated.
checked program was:
/* begin */
1: #include "ruby.h"
2: 
3: #include <ffi.h>
/* end */

"/usr/bin/cc -E -I/opt/boxen/rbenv/versions/1.9.3-p374/include/ruby-1.9.1/x86_64-darwin12.2.1 -I/opt/boxen/rbenv/versions/1.9.3-p374/include/ruby-1.9.1/ruby/backward -I/opt/boxen/rbenv/versions/1.9.3-p374/include/ruby-1.9.1 -I. -I'/opt/boxen/rbenv/versions/1.9.3-p374/include'  -D_XOPEN_SOURCE -D_DARWIN_C_SOURCE  -I'/opt/boxen/rbenv/versions/1.9.3-p374/include'   -O3 -ggdb -Wall -Wextra -Wno-unused-parameter -Wno-parentheses -Wno-long-long -Wno-missing-field-initializers -Wpointer-arith -Wwrite-strings -Wdeclaration-after-statement -Wshorten-64-to-32 -Wimplicit-function-declaration  -pipe -I/usr/local/include conftest.c -o conftest.i"
conftest.c:3:10: fatal error: 'ffi.h' file not found
#include <ffi.h>
         ^
1 error generated.
checked program was:
/* begin */
1: #include "ruby.h"
2: 
3: #include <ffi.h>
/* end */

"/usr/bin/cc -E -I/opt/boxen/rbenv/versions/1.9.3-p374/include/ruby-1.9.1/x86_64-darwin12.2.1 -I/opt/boxen/rbenv/versions/1.9.3-p374/include/ruby-1.9.1/ruby/backward -I/opt/boxen/rbenv/versions/1.9.3-p374/include/ruby-1.9.1 -I. -I'/opt/boxen/rbenv/versions/1.9.3-p374/include'  -D_XOPEN_SOURCE -D_DARWIN_C_SOURCE  -I'/opt/boxen/rbenv/versions/1.9.3-p374/include'   -O3 -ggdb -Wall -Wextra -Wno-unused-parameter -Wno-parentheses -Wno-long-long -Wno-missing-field-initializers -Wpointer-arith -Wwrite-strings -Wdeclaration-after-statement -Wshorten-64-to-32 -Wimplicit-function-declaration  -pipe -I/usr/include/ffi conftest.c -o conftest.i"
checked program was:
/* begin */
1: #include "ruby.h"
2: 
3: #include <ffi.h>
/* end */

--------------------

have_library: checking for ffi_call() in -lffi... -------------------- yes

"/usr/bin/cc -o conftest -I/opt/boxen/rbenv/versions/1.9.3-p374/include/ruby-1.9.1/x86_64-darwin12.2.1 -I/opt/boxen/rbenv/versions/1.9.3-p374/include/ruby-1.9.1/ruby/backward -I/opt/boxen/rbenv/versions/1.9.3-p374/include/ruby-1.9.1 -I. -I/usr/include/ffi -I'/opt/boxen/rbenv/versions/1.9.3-p374/include'  -D_XOPEN_SOURCE -D_DARWIN_C_SOURCE  -I'/opt/boxen/rbenv/versions/1.9.3-p374/include'   -O3 -ggdb -Wall -Wextra -Wno-unused-parameter -Wno-parentheses -Wno-long-long -Wno-missing-field-initializers -Wpointer-arith -Wwrite-strings -Wdeclaration-after-statement -Wshorten-64-to-32 -Wimplicit-function-declaration  -pipe conftest.c  -L. -L/opt/boxen/rbenv/versions/1.9.3-p374/lib -L. -L'/opt/boxen/rbenv/versions/1.9.3-p374/lib'      -lruby-static -lffi  -lpthread -ldl -lobjc "
checked program was:
/* begin */
1: #include "ruby.h"
2: 
3: #include <ffi.h>
4: 
5: /*top*/
6: int main() {return 0;}
7: int t() { void ((*volatile p)()); p = (void ((*)()))ffi_call; return 0; }
/* end */

--------------------

have_func: checking for ffi_prep_closure()... -------------------- yes

"/usr/bin/cc -o conftest -I/opt/boxen/rbenv/versions/1.9.3-p374/include/ruby-1.9.1/x86_64-darwin12.2.1 -I/opt/boxen/rbenv/versions/1.9.3-p374/include/ruby-1.9.1/ruby/backward -I/opt/boxen/rbenv/versions/1.9.3-p374/include/ruby-1.9.1 -I. -I/usr/include/ffi -I'/opt/boxen/rbenv/versions/1.9.3-p374/include'  -D_XOPEN_SOURCE -D_DARWIN_C_SOURCE  -I'/opt/boxen/rbenv/versions/1.9.3-p374/include'   -O3 -ggdb -Wall -Wextra -Wno-unused-parameter -Wno-parentheses -Wno-long-long -Wno-missing-field-initializers -Wpointer-arith -Wwrite-strings -Wdeclaration-after-statement -Wshorten-64-to-32 -Wimplicit-function-declaration  -pipe conftest.c  -L. -L/opt/boxen/rbenv/versions/1.9.3-p374/lib -L. -L'/opt/boxen/rbenv/versions/1.9.3-p374/lib'     -lffi  -lruby-static -lffi  -lpthread -ldl -lobjc "
conftest.c:5:53: error: use of undeclared identifier 'ffi_prep_closure'
int t() { void ((*volatile p)()); p = (void ((*)()))ffi_prep_closure; return 0; }
                                                    ^
1 error generated.
checked program was:
/* begin */
1: #include "ruby.h"
2: 
3: /*top*/
4: int main() {return 0;}
5: int t() { void ((*volatile p)()); p = (void ((*)()))ffi_prep_closure; return 0; }
/* end */

"/usr/bin/cc -o conftest -I/opt/boxen/rbenv/versions/1.9.3-p374/include/ruby-1.9.1/x86_64-darwin12.2.1 -I/opt/boxen/rbenv/versions/1.9.3-p374/include/ruby-1.9.1/ruby/backward -I/opt/boxen/rbenv/versions/1.9.3-p374/include/ruby-1.9.1 -I. -I/usr/include/ffi -I'/opt/boxen/rbenv/versions/1.9.3-p374/include'  -D_XOPEN_SOURCE -D_DARWIN_C_SOURCE  -I'/opt/boxen/rbenv/versions/1.9.3-p374/include'   -O3 -ggdb -Wall -Wextra -Wno-unused-parameter -Wno-parentheses -Wno-long-long -Wno-missing-field-initializers -Wpointer-arith -Wwrite-strings -Wdeclaration-after-statement -Wshorten-64-to-32 -Wimplicit-function-declaration  -pipe conftest.c  -L. -L/opt/boxen/rbenv/versions/1.9.3-p374/lib -L. -L'/opt/boxen/rbenv/versions/1.9.3-p374/lib'     -lffi  -lruby-static -lffi  -lpthread -ldl -lobjc "
conftest.c:5:11: warning: implicit declaration of function 'ffi_prep_closure' is invalid in C99 [-Wimplicit-function-declaration]
int t() { ffi_prep_closure(); return 0; }
          ^
1 warning generated.
checked program was:
/* begin */
1: #include "ruby.h"
2: 
3: /*top*/
4: int main() {return 0;}
5: int t() { ffi_prep_closure(); return 0; }
/* end */

--------------------

have_func: checking for ffi_raw_call()... -------------------- no

"/usr/bin/cc -o conftest -I/opt/boxen/rbenv/versions/1.9.3-p374/include/ruby-1.9.1/x86_64-darwin12.2.1 -I/opt/boxen/rbenv/versions/1.9.3-p374/include/ruby-1.9.1/ruby/backward -I/opt/boxen/rbenv/versions/1.9.3-p374/include/ruby-1.9.1 -I. -I/usr/include/ffi -I'/opt/boxen/rbenv/versions/1.9.3-p374/include'  -D_XOPEN_SOURCE -D_DARWIN_C_SOURCE  -I'/opt/boxen/rbenv/versions/1.9.3-p374/include'   -O3 -ggdb -Wall -Wextra -Wno-unused-parameter -Wno-parentheses -Wno-long-long -Wno-missing-field-initializers -Wpointer-arith -Wwrite-strings -Wdeclaration-after-statement -Wshorten-64-to-32 -Wimplicit-function-declaration  -pipe conftest.c  -L. -L/opt/boxen/rbenv/versions/1.9.3-p374/lib -L. -L'/opt/boxen/rbenv/versions/1.9.3-p374/lib'     -lffi  -lruby-static -lffi  -lpthread -ldl -lobjc "
conftest.c:5:53: error: use of undeclared identifier 'ffi_raw_call'
int t() { void ((*volatile p)()); p = (void ((*)()))ffi_raw_call; return 0; }
                                                    ^
1 error generated.
checked program was:
/* begin */
1: #include "ruby.h"
2: 
3: /*top*/
4: int main() {return 0;}
5: int t() { void ((*volatile p)()); p = (void ((*)()))ffi_raw_call; return 0; }
/* end */

"/usr/bin/cc -o conftest -I/opt/boxen/rbenv/versions/1.9.3-p374/include/ruby-1.9.1/x86_64-darwin12.2.1 -I/opt/boxen/rbenv/versions/1.9.3-p374/include/ruby-1.9.1/ruby/backward -I/opt/boxen/rbenv/versions/1.9.3-p374/include/ruby-1.9.1 -I. -I/usr/include/ffi -I'/opt/boxen/rbenv/versions/1.9.3-p374/include'  -D_XOPEN_SOURCE -D_DARWIN_C_SOURCE  -I'/opt/boxen/rbenv/versions/1.9.3-p374/include'   -O3 -ggdb -Wall -Wextra -Wno-unused-parameter -Wno-parentheses -Wno-long-long -Wno-missing-field-initializers -Wpointer-arith -Wwrite-strings -Wdeclaration-after-statement -Wshorten-64-to-32 -Wimplicit-function-declaration  -pipe conftest.c  -L. -L/opt/boxen/rbenv/versions/1.9.3-p374/lib -L. -L'/opt/boxen/rbenv/versions/1.9.3-p374/lib'     -lffi  -lruby-static -lffi  -lpthread -ldl -lobjc "
conftest.c:5:11: warning: implicit declaration of function 'ffi_raw_call' is invalid in C99 [-Wimplicit-function-declaration]
int t() { ffi_raw_call(); return 0; }
          ^
1 warning generated.
Undefined symbols for architecture x86_64:
  "_ffi_raw_call", referenced from:
      _t in conftest-ICpeb9.o
ld: symbol(s) not found for architecture x86_64
clang: error: linker command failed with exit code 1 (use -v to see invocation)
checked program was:
/* begin */
1: #include "ruby.h"
2: 
3: /*top*/
4: int main() {return 0;}
5: int t() { ffi_raw_call(); return 0; }
/* end */

--------------------

have_func: checking for rb_thread_blocking_region()... -------------------- yes

"/usr/bin/cc -o conftest -I/opt/boxen/rbenv/versions/1.9.3-p374/include/ruby-1.9.1/x86_64-darwin12.2.1 -I/opt/boxen/rbenv/versions/1.9.3-p374/include/ruby-1.9.1/ruby/backward -I/opt/boxen/rbenv/versions/1.9.3-p374/include/ruby-1.9.1 -I. -I/usr/include/ffi -I'/opt/boxen/rbenv/versions/1.9.3-p374/include'  -D_XOPEN_SOURCE -D_DARWIN_C_SOURCE  -I'/opt/boxen/rbenv/versions/1.9.3-p374/include'   -O3 -ggdb -Wall -Wextra -Wno-unused-parameter -Wno-parentheses -Wno-long-long -Wno-missing-field-initializers -Wpointer-arith -Wwrite-strings -Wdeclaration-after-statement -Wshorten-64-to-32 -Wimplicit-function-declaration  -pipe conftest.c  -L. -L/opt/boxen/rbenv/versions/1.9.3-p374/lib -L. -L'/opt/boxen/rbenv/versions/1.9.3-p374/lib'     -lffi  -lruby-static -lffi  -lpthread -ldl -lobjc "
checked program was:
/* begin */
1: #include "ruby.h"
2: 
3: /*top*/
4: int main() {return 0;}
5: int t() { void ((*volatile p)()); p = (void ((*)()))rb_thread_blocking_region; return 0; }
/* end */

--------------------

have_func: checking for ruby_native_thread_p()... -------------------- yes

"/usr/bin/cc -o conftest -I/opt/boxen/rbenv/versions/1.9.3-p374/include/ruby-1.9.1/x86_64-darwin12.2.1 -I/opt/boxen/rbenv/versions/1.9.3-p374/include/ruby-1.9.1/ruby/backward -I/opt/boxen/rbenv/versions/1.9.3-p374/include/ruby-1.9.1 -I. -I/usr/include/ffi -I'/opt/boxen/rbenv/versions/1.9.3-p374/include'  -D_XOPEN_SOURCE -D_DARWIN_C_SOURCE  -I'/opt/boxen/rbenv/versions/1.9.3-p374/include'   -O3 -ggdb -Wall -Wextra -Wno-unused-parameter -Wno-parentheses -Wno-long-long -Wno-missing-field-initializers -Wpointer-arith -Wwrite-strings -Wdeclaration-after-statement -Wshorten-64-to-32 -Wimplicit-function-declaration  -pipe conftest.c  -L. -L/opt/boxen/rbenv/versions/1.9.3-p374/lib -L. -L'/opt/boxen/rbenv/versions/1.9.3-p374/lib'     -lffi  -lruby-static -lffi  -lpthread -ldl -lobjc "
checked program was:
/* begin */
1: #include "ruby.h"
2: 
3: /*top*/
4: int main() {return 0;}
5: int t() { void ((*volatile p)()); p = (void ((*)()))ruby_native_thread_p; return 0; }
/* end */

--------------------

have_func: checking for rb_thread_call_with_gvl()... -------------------- yes

"/usr/bin/cc -o conftest -I/opt/boxen/rbenv/versions/1.9.3-p374/include/ruby-1.9.1/x86_64-darwin12.2.1 -I/opt/boxen/rbenv/versions/1.9.3-p374/include/ruby-1.9.1/ruby/backward -I/opt/boxen/rbenv/versions/1.9.3-p374/include/ruby-1.9.1 -I. -I/usr/include/ffi -I'/opt/boxen/rbenv/versions/1.9.3-p374/include'  -D_XOPEN_SOURCE -D_DARWIN_C_SOURCE  -I'/opt/boxen/rbenv/versions/1.9.3-p374/include'   -O3 -ggdb -Wall -Wextra -Wno-unused-parameter -Wno-parentheses -Wno-long-long -Wno-missing-field-initializers -Wpointer-arith -Wwrite-strings -Wdeclaration-after-statement -Wshorten-64-to-32 -Wimplicit-function-declaration  -pipe conftest.c  -L. -L/opt/boxen/rbenv/versions/1.9.3-p374/lib -L. -L'/opt/boxen/rbenv/versions/1.9.3-p374/lib'     -lffi  -lruby-static -lffi  -lpthread -ldl -lobjc "
conftest.c:5:53: error: use of undeclared identifier 'rb_thread_call_with_gvl'
int t() { void ((*volatile p)()); p = (void ((*)()))rb_thread_call_with_gvl; return 0; }
                                                    ^
1 error generated.
checked program was:
/* begin */
1: #include "ruby.h"
2: 
3: /*top*/
4: int main() {return 0;}
5: int t() { void ((*volatile p)()); p = (void ((*)()))rb_thread_call_with_gvl; return 0; }
/* end */

"/usr/bin/cc -o conftest -I/opt/boxen/rbenv/versions/1.9.3-p374/include/ruby-1.9.1/x86_64-darwin12.2.1 -I/opt/boxen/rbenv/versions/1.9.3-p374/include/ruby-1.9.1/ruby/backward -I/opt/boxen/rbenv/versions/1.9.3-p374/include/ruby-1.9.1 -I. -I/usr/include/ffi -I'/opt/boxen/rbenv/versions/1.9.3-p374/include'  -D_XOPEN_SOURCE -D_DARWIN_C_SOURCE  -I'/opt/boxen/rbenv/versions/1.9.3-p374/include'   -O3 -ggdb -Wall -Wextra -Wno-unused-parameter -Wno-parentheses -Wno-long-long -Wno-missing-field-initializers -Wpointer-arith -Wwrite-strings -Wdeclaration-after-statement -Wshorten-64-to-32 -Wimplicit-function-declaration  -pipe conftest.c  -L. -L/opt/boxen/rbenv/versions/1.9.3-p374/lib -L. -L'/opt/boxen/rbenv/versions/1.9.3-p374/lib'     -lffi  -lruby-static -lffi  -lpthread -ldl -lobjc "
conftest.c:5:11: warning: implicit declaration of function 'rb_thread_call_with_gvl' is invalid in C99 [-Wimplicit-function-declaration]
int t() { rb_thread_call_with_gvl(); return 0; }
          ^
1 warning generated.
checked program was:
/* begin */
1: #include "ruby.h"
2: 
3: /*top*/
4: int main() {return 0;}
5: int t() { rb_thread_call_with_gvl(); return 0; }
/* end */

--------------------

have_func: checking for ffi_prep_cif_var()... -------------------- no

"/usr/bin/cc -o conftest -I/opt/boxen/rbenv/versions/1.9.3-p374/include/ruby-1.9.1/x86_64-darwin12.2.1 -I/opt/boxen/rbenv/versions/1.9.3-p374/include/ruby-1.9.1/ruby/backward -I/opt/boxen/rbenv/versions/1.9.3-p374/include/ruby-1.9.1 -I. -I/usr/include/ffi -I'/opt/boxen/rbenv/versions/1.9.3-p374/include'  -D_XOPEN_SOURCE -D_DARWIN_C_SOURCE  -I'/opt/boxen/rbenv/versions/1.9.3-p374/include'   -O3 -ggdb -Wall -Wextra -Wno-unused-parameter -Wno-parentheses -Wno-long-long -Wno-missing-field-initializers -Wpointer-arith -Wwrite-strings -Wdeclaration-after-statement -Wshorten-64-to-32 -Wimplicit-function-declaration  -pipe conftest.c  -L. -L/opt/boxen/rbenv/versions/1.9.3-p374/lib -L. -L'/opt/boxen/rbenv/versions/1.9.3-p374/lib'     -lffi  -lruby-static -lffi  -lpthread -ldl -lobjc "
conftest.c:5:53: error: use of undeclared identifier 'ffi_prep_cif_var'
int t() { void ((*volatile p)()); p = (void ((*)()))ffi_prep_cif_var; return 0; }
                                                    ^
1 error generated.
checked program was:
/* begin */
1: #include "ruby.h"
2: 
3: /*top*/
4: int main() {return 0;}
5: int t() { void ((*volatile p)()); p = (void ((*)()))ffi_prep_cif_var; return 0; }
/* end */

"/usr/bin/cc -o conftest -I/opt/boxen/rbenv/versions/1.9.3-p374/include/ruby-1.9.1/x86_64-darwin12.2.1 -I/opt/boxen/rbenv/versions/1.9.3-p374/include/ruby-1.9.1/ruby/backward -I/opt/boxen/rbenv/versions/1.9.3-p374/include/ruby-1.9.1 -I. -I/usr/include/ffi -I'/opt/boxen/rbenv/versions/1.9.3-p374/include'  -D_XOPEN_SOURCE -D_DARWIN_C_SOURCE  -I'/opt/boxen/rbenv/versions/1.9.3-p374/include'   -O3 -ggdb -Wall -Wextra -Wno-unused-parameter -Wno-parentheses -Wno-long-long -Wno-missing-field-initializers -Wpointer-arith -Wwrite-strings -Wdeclaration-after-statement -Wshorten-64-to-32 -Wimplicit-function-declaration  -pipe conftest.c  -L. -L/opt/boxen/rbenv/versions/1.9.3-p374/lib -L. -L'/opt/boxen/rbenv/versions/1.9.3-p374/lib'     -lffi  -lruby-static -lffi  -lpthread -ldl -lobjc "
conftest.c:5:11: warning: implicit declaration of function 'ffi_prep_cif_var' is invalid in C99 [-Wimplicit-function-declaration]
int t() { ffi_prep_cif_var(); return 0; }
          ^
1 warning generated.
Undefined symbols for architecture x86_64:
  "_ffi_prep_cif_var", referenced from:
      _t in conftest-goJagm.o
ld: symbol(s) not found for architecture x86_64
clang: error: linker command failed with exit code 1 (use -v to see invocation)
checked program was:
/* begin */
1: #include "ruby.h"
2: 
3: /*top*/
4: int main() {return 0;}
5: int t() { ffi_prep_cif_var(); return 0; }
/* end */

--------------------

extconf.h is:
/* begin */
1: #ifndef EXTCONF_H
2: #define EXTCONF_H
3: #define HAVE_FFI_PREP_CLOSURE 1
4: #define HAVE_RB_THREAD_BLOCKING_REGION 1
5: #define HAVE_RUBY_NATIVE_THREAD_P 1
6: #define HAVE_RB_THREAD_CALL_WITH_GVL 1
7: #define RUBY_1_9 1
8: #endif
/* end */

